<?xml version="1.0" encoding="UTF-8"?>
<!-- Generated by org.testng.reporters.JUnitReportReporter -->
<testsuite skipped="0" hostname="Sanjib-PC" name="com.cakesclub.qa.testcases.OffersPageTest" tests="1" failures="0" timestamp="22 Jul 2019 09:20:40 GMT" time="20.847" errors="0">
  <testcase name="updateOfferCatTest" time="20.847" classname="com.cakesclub.qa.testcases.OffersPageTest"/>
</testsuite> <!-- com.cakesclub.qa.testcases.OffersPageTest -->
