<?xml version="1.0" encoding="UTF-8"?>
<!-- Generated by org.testng.reporters.JUnitReportReporter -->
<testsuite skipped="0" hostname="Sanjib-PC" name="com.cakesclub.qa.testcases.LoginPageTest" tests="2" failures="0" timestamp="17 May 2019 10:24:25 GMT" time="15.058" errors="0">
  <testcase name="loginTest" time="10.039" classname="com.cakesclub.qa.testcases.LoginPageTest"/>
  <testcase name="validateLoginPageTest" time="5.019" classname="com.cakesclub.qa.testcases.LoginPageTest"/>
</testsuite> <!-- com.cakesclub.qa.testcases.LoginPageTest -->
