<?xml version="1.0" encoding="UTF-8"?>
<!-- Generated by org.testng.reporters.JUnitReportReporter -->
<testsuite skipped="0" hostname="Sanjib-PC" name="com.cakesclub.qa.testcases.ProductsPageTest" tests="1" failures="0" timestamp="09 Jul 2019 07:08:17 GMT" time="23.004" errors="0">
  <testcase name="addProductdataTest" time="23.004" classname="com.cakesclub.qa.testcases.ProductsPageTest"/>
</testsuite> <!-- com.cakesclub.qa.testcases.ProductsPageTest -->
