<?xml version="1.0" encoding="UTF-8"?>
<!-- Generated by org.testng.reporters.JUnitReportReporter -->
<testsuite skipped="0" hostname="Sanjib-PC" name="com.cakesclub.qa.testcases.ReviewPageTest" tests="1" failures="0" timestamp="22 Jul 2019 06:24:41 GMT" time="26.091" errors="0">
  <testcase name="verSearchPageTest" time="26.091" classname="com.cakesclub.qa.testcases.ReviewPageTest"/>
</testsuite> <!-- com.cakesclub.qa.testcases.ReviewPageTest -->
