<?xml version="1.0" encoding="UTF-8"?>
<!-- Generated by org.testng.reporters.JUnitReportReporter -->
<testsuite skipped="0" hostname="Sanjib-PC" name="com.cakesclub.qa.testcases.OrdersPageTest" tests="1" failures="0" timestamp="17 Jul 2019 10:58:11 GMT" time="26.041" errors="0">
  <testcase name="searchFailedOrderTest" time="26.041" classname="com.cakesclub.qa.testcases.OrdersPageTest"/>
</testsuite> <!-- com.cakesclub.qa.testcases.OrdersPageTest -->
