<?xml version="1.0" encoding="UTF-8"?>
<!-- Generated by org.testng.reporters.JUnitReportReporter -->
<testsuite skipped="0" hostname="Sanjib-PC" name="com.cakesclub.qa.testcases.SettingsPageTest" tests="1" failures="0" timestamp="10 Jul 2019 09:26:06 GMT" time="22.163" errors="0">
  <testcase name="deleteSubMenuItemPageTest" time="22.163" classname="com.cakesclub.qa.testcases.SettingsPageTest"/>
</testsuite> <!-- com.cakesclub.qa.testcases.SettingsPageTest -->
