<?xml version="1.0" encoding="UTF-8"?>
<!-- Generated by org.testng.reporters.JUnitReportReporter -->
<testsuite skipped="0" hostname="Sanjib-PC" name="com.cakesclub.qa.testcases.DeliveryDetailsPageTest" tests="1" failures="0" timestamp="10 Jul 2019 09:49:10 GMT" time="12.035" errors="0">
  <testcase name="deleteDlvryTypeTest" time="12.035" classname="com.cakesclub.qa.testcases.DeliveryDetailsPageTest"/>
</testsuite> <!-- com.cakesclub.qa.testcases.DeliveryDetailsPageTest -->
