<?xml version="1.0" encoding="UTF-8"?>
<!-- Generated by org.testng.reporters.JUnitReportReporter -->
<testsuite skipped="0" hostname="Sanjib-PC" name="com.cakesclub.qa.testcases.CustomersPageTest" tests="1" failures="0" timestamp="24 Jul 2019 05:29:47 GMT" time="39.815" errors="0">
  <testcase name="accUserSrchTest" time="39.815" classname="com.cakesclub.qa.testcases.CustomersPageTest"/>
</testsuite> <!-- com.cakesclub.qa.testcases.CustomersPageTest -->
