<?xml version="1.0" encoding="UTF-8"?>
<!-- Generated by org.testng.reporters.JUnitReportReporter -->
<testsuite skipped="0" hostname="Sanjib-PC" name="com.cakesclub.qa.testcases.BranchProductsPageTest" tests="1" failures="0" timestamp="16 Jul 2019 10:06:39 GMT" time="15.752" errors="0">
  <testcase name="SearchFunctionalityTest" time="15.752" classname="com.cakesclub.qa.testcases.BranchProductsPageTest"/>
</testsuite> <!-- com.cakesclub.qa.testcases.BranchProductsPageTest -->
