<?xml version="1.0" encoding="UTF-8"?>
<!-- Generated by org.testng.reporters.JUnitReportReporter -->
<testsuite skipped="0" hostname="Sanjib-PC" name="com.cakesclub.qa.testcases.CategoriesPageTest" tests="1" failures="0" timestamp="10 Jul 2019 06:53:33 GMT" time="16.048" errors="0">
  <testcase name="deleteSubCategoryTest" time="16.048" classname="com.cakesclub.qa.testcases.CategoriesPageTest"/>
</testsuite> <!-- com.cakesclub.qa.testcases.CategoriesPageTest -->
