<?xml version="1.0" encoding="UTF-8"?>
<!-- Generated by org.testng.reporters.JUnitReportReporter -->
<testsuite skipped="0" hostname="Sanjib-PC" name="com.cakesclub.qa.testcases.BannersPageTest" tests="1" failures="0" timestamp="10 Jul 2019 06:24:22 GMT" time="22.439" errors="0">
  <testcase name="searchBannerTest" time="22.439" classname="com.cakesclub.qa.testcases.BannersPageTest"/>
</testsuite> <!-- com.cakesclub.qa.testcases.BannersPageTest -->
